gEDA/gschem version 1.4.3.20081231
gEDA/gschem comes with ABSOLUTELY NO WARRANTY; see COPYING for more details.
This is free software, and you are welcome to redistribute it under certain
conditions; please see the COPYING file for more details.

Read system-gafrc file [/usr/share/gEDA/system-gafrc]
Library name [io] already in use.  Using [io<1>].
Library name [power] already in use.  Using [power<1>].
Read ~/.gEDA/gafrc file [/home/john/.gEDA/gafrc]
Did not find optional local gafrc file [/home/john/hobby/eda/symbols/inductors/gafrc]
Read system-gschemrc file [/usr/share/gEDA/system-gschemrc]
Did not find optional ~/.gEDA/gschemrc file [/home/john/.gEDA/gschemrc]
Did not find optional local gschemrc file [/home/john/hobby/eda/symbols/inductors/gschemrc]
Read init scm file [/usr/share/gEDA/scheme/gschem.scm]
Loading schematic [/home/john/hobby/eda/symbols/inductors/1mH_890mA.sym]
Did not find specified gafrc file [/home/john/hobby/eda/symbols/inductors/gafrc]
Hidden text is now visible
Loading schematic [/home/john/hobby/eda/symbols/inductors/1mH_890mA.sym]
Did not find specified gafrc file [/home/john/hobby/eda/symbols/inductors/gafrc]
Loading schematic [/home/john/hobby/eda/symbols/inductors/1mH_890mA.sym]
Did not find specified gafrc file [/home/john/hobby/eda/symbols/inductors/gafrc]
Saved [/home/john/hobby/eda/symbols/inductors/1mH_890mA.sym]
