gEDA/gschem version 1.4.3.20081231
gEDA/gschem comes with ABSOLUTELY NO WARRANTY; see COPYING for more details.
This is free software, and you are welcome to redistribute it under certain
conditions; please see the COPYING file for more details.

Read system-gafrc file [/usr/share/gEDA/system-gafrc]
Did not find optional ~/.gEDA/gafrc file [/home/john/.gEDA/gafrc]
Did not find optional local gafrc file [/home/john/projects/pencils/eda/symbols/connectors/gafrc]
Read system-gschemrc file [/usr/share/gEDA/system-gschemrc]
Did not find optional ~/.gEDA/gschemrc file [/home/john/.gEDA/gschemrc]
Did not find optional local gschemrc file [/home/john/projects/pencils/eda/symbols/connectors/gschemrc]
Read init scm file [/usr/share/gEDA/scheme/gschem.scm]
Loading schematic [/home/john/projects/pencils/eda/symbols/connectors/bnc_pcb.sym]
Did not find specified gafrc file [/home/john/projects/pencils/eda/symbols/connectors/gafrc]
Hidden text is now visible
Translating schematic [1000 1000]
Hidden text is now invisible
Hidden text is now visible
Saved as [/home/john/projects/pencils/eda/symbols/connectors/bnc_pcb_in.sym]
Did not find specified gafrc file [/home/john/projects/pencils/eda/symbols/connectors/gafrc]
Did not find specified gafrc file [/home/john/projects/pencils/eda/symbols/connectors/gafrc]
Did not find specified gafrc file [/home/john/projects/pencils/eda/symbols/connectors/gafrc]
Loading schematic [/home/john/projects/pencils/eda/symbols/connectors/2pin_mta100_header_in.sym]
Did not find specified gafrc file [/home/john/projects/pencils/eda/symbols/connectors/gafrc]
Hidden text is now invisible
Hidden text is now visible
Saved [/home/john/projects/pencils/eda/symbols/connectors/bnc_pcb_in.sym]
Translating schematic [-1000 -1000]
Saved [/home/john/projects/pencils/eda/symbols/connectors/bnc_pcb_in.sym]
